This is pdfTeX, Version 3.1415926-1.40.11 (MiKTeX 2.9) (preloaded format=pdflatex 2016.5.10)  3 DEC 2016 13:39
entering extended mode
**Thesis.tex

(E:\同步\同步\研究生毕设\研究生毕业论文\LATEX模板\BIT_Thesis\Thesis_LATEX\Thesi
s.tex
LaTeX2e <2009/09/24>
Babel <v3.8l> and hyphenation patterns for loaded.
(C:\Software\Latex\CTEX\CTeX\tex\latex\ctex\ctexbook.cls
Document Class: ctexbook 2010/10/17 v1.02 ctexbook document class
(C:\Software\Latex\CTEX\CTeX\tex\latex\ctex\opt\ctex-common-opts.def)
(C:\Software\Latex\CTEX\CTeX\tex\latex\ctex\opt\ctex-caption-opts.def
\c@CTEX@sectiondepth=\count79
)
(C:\Software\Latex\CTEX\CTeX\tex\latex\ctex\opt\ctex-class-opts.def)
(C:\Software\Latex\CTEX\CTeX\tex\latex\ctex\cfg\ctexopts.cfg)
(C:\Software\Latex\CTEX\CTeX\tex\latex\ctex\def\ctex-loadclass.def
(C:\Software\Latex\CTEX\MiKTeX\tex\latex\base\book.cls
Document Class: book 2007/10/19 v1.4h Standard LaTeX document class
(C:\Software\Latex\CTEX\MiKTeX\tex\latex\base\bk12.clo
File: bk12.clo 2007/10/19 v1.4h Standard LaTeX file (size option)
)
\c@part=\count80
\c@chapter=\count81
\c@section=\count82
\c@subsection=\count83
\c@subsubsection=\count84
\c@paragraph=\count85
\c@subparagraph=\count86
\c@figure=\count87
\c@table=\count88
\abovecaptionskip=\skip41
\belowcaptionskip=\skip42
\bibindent=\dimen102
))
(C:\Software\Latex\CTEX\CTeX\tex\latex\ctex\def\ctex-common.def
(C:\Software\Latex\CTEX\MiKTeX\tex\generic\oberdiek\ifpdf.sty
Package: ifpdf 2010/01/28 v2.1 Provides the ifpdf switch (HO)
Package ifpdf Info: pdfTeX in pdf mode detected.
)
(C:\Software\Latex\CTEX\MiKTeX\tex\generic\ifxetex\ifxetex.sty
Package: ifxetex 2010/09/12 v0.6 Provides ifxetex conditional
)
(C:\Software\Latex\CTEX\MiKTeX\tex\latex\graphics\keyval.sty
Package: keyval 1999/03/16 v1.13 key=value parser (DPC)
\KV@toks@=\toks14
)
(C:\Software\Latex\CTEX\MiKTeX\tex\latex\tools\indentfirst.sty
Package: indentfirst 1995/11/23 v1.03 Indent first paragraph (DPC)
)
(C:\Software\Latex\CTEX\MiKTeX\tex\latex\base\fix-cm.sty
Package: fix-cm 2006/09/13 v1.1m fixes to LaTeX

(C:\Software\Latex\CTEX\MiKTeX\tex\latex\base\ts1enc.def
File: ts1enc.def 2001/06/05 v3.0e (jk/car/fm) Standard LaTeX file
))
(C:\Software\Latex\CTEX\MiKTeX\tex\latex\fancyhdr\fancyhdr.sty
\fancy@headwidth=\skip43
\f@ncyO@elh=\skip44
\f@ncyO@erh=\skip45
\f@ncyO@olh=\skip46
\f@ncyO@orh=\skip47
\f@ncyO@elf=\skip48
\f@ncyO@erf=\skip49
\f@ncyO@olf=\skip50
\f@ncyO@orf=\skip51
)
(C:\Software\Latex\CTEX\CTeX\tex\latex\ctex\engine\ctex-cjk-engine.def
(C:\Software\Latex\CTEX\MiKTeX\tex\latex\cjk\CJK.sty
Package: CJK 2008/12/29 4.8.2

(C:\Software\Latex\CTEX\MiKTeX\tex\latex\cjk\mule\MULEenc.sty
Package: MULEenc 2008/12/29 4.8.2
)
(C:\Software\Latex\CTEX\MiKTeX\tex\latex\cjk\CJK.enc
File: CJK.enc 2008/12/29 4.8.2
)
LaTeX Info: Redefining \selectfont on input line 756.
\CJK@indent=\box26
)
(C:\Software\Latex\CTEX\CTeX\tex\latex\CJKpunct\CJKpunct.sty
Package: CJKpunct 2010/02/21 4.8.2-2
\CJKpunct@cnta=\count89
\CJKpunct@cntb=\count90
\CJKpunct@cntc=\count91
\CJKpunct@cntd=\count92
\CJKpunct@cnte=\count93

(C:\Software\Latex\CTEX\CTeX\tex\latex\CJKpunct\CJKpunct.spa))
(C:\Software\Latex\CTEX\CTeX\tex\latex\ctex\engine\ctex-cjk-common.def
(C:\Software\Latex\CTEX\MiKTeX\tex\latex\cjk\CJKfntef.sty
Package: CJKfntef 2008/12/29 4.8.2

(C:\Software\Latex\CTEX\MiKTeX\tex\latex\cjk\CJKulem.sty
Package: CJKulem 2008/12/29 4.8.2

(C:\Software\Latex\CTEX\MiKTeX\tex\latex\ulem\ulem.sty
\UL@box=\box27
\UL@hyphenbox=\box28
\UL@skip=\skip52
\UL@hook=\toks15
\UL@pe=\count94
\UL@pixel=\dimen103
\ULC@box=\box29
Package: ulem 2010/10/03
\ULdepth=\dimen104
)
\UL@lastkern=\dimen105
\CJK@skip=\skip53
)
\CJK@fntefSkip=\skip54
\CJK@nest=\count95
\CJK@fntefDimen=\dimen106
\CJK@underdotBox=\box30
\CJK@ULbox=\box31
)
\ccwd=\dimen107
)
(C:\Software\Latex\CTEX\CTeX\tex\latex\ctex\fontset\ctex-cjk-winfonts.def
(C:\Software\Latex\CTEX\CTeX\tex\generic\zhmetrics\zhwinfonts.tex
(C:\Software\Latex\CTEX\MiKTeX\tex\generic\oberdiek\ifpdf.sty
Package ifpdf Info: The package is already loaded, stopped on input line 58.
){C:/Software/Latex/CTEX/UserData/pdftex/config/pdftex.map{Unicode.sfd}{UGBK.sf
d}})))
\CTEX@q=\count96
\CTEX@r=\count97
)
(C:\Software\Latex\CTEX\CTeX\tex\latex\ctex\def\ctex-caption.def)
(C:\Software\Latex\CTEX\CTeX\tex\latex\ctex\def\ctex-class.def)
(C:\Software\Latex\CTEX\CTeX\tex\latex\ctex\def\ctex-book.def))
(C:\Software\Latex\CTEX\CTeX\tex\latex\ctex\def\ctex-gbk.def)
(C:\Software\Latex\CTEX\MiKTeX\tex\latex\hyperref\hyperref.sty
Package: hyperref 2010/11/26 v6.81v Hypertext links for LaTeX

(C:\Software\Latex\CTEX\MiKTeX\tex\generic\oberdiek\ltxcmds.sty
Package: ltxcmds 2010/04/26 v1.7 LaTeX kernel commands for general use (HO)
)
(C:\Software\Latex\CTEX\MiKTeX\tex\generic\oberdiek\pdftexcmds.sty
Package: pdftexcmds 2010/04/01 v0.9 Utility functions of pdfTeX for LuaTeX (HO)


(C:\Software\Latex\CTEX\MiKTeX\tex\generic\oberdiek\infwarerr.sty
Package: infwarerr 2010/04/08 v1.3 Providing info/warning/message (HO)
)
(C:\Software\Latex\CTEX\MiKTeX\tex\generic\oberdiek\ifluatex.sty
Package: ifluatex 2010/03/01 v1.3 Provides the ifluatex switch (HO)
Package ifluatex Info: LuaTeX not detected.
)
Package pdftexcmds Info: LuaTeX not detected.
Package pdftexcmds Info: \pdf@primitive is available.
Package pdftexcmds Info: \pdf@ifprimitive is available.
)
(C:\Software\Latex\CTEX\MiKTeX\tex\generic\oberdiek\kvsetkeys.sty
Package: kvsetkeys 2010/03/01 v1.9 Key value parser (HO)

(C:\Software\Latex\CTEX\MiKTeX\tex\generic\oberdiek\etexcmds.sty
Package: etexcmds 2010/01/28 v1.3 Prefix for e-TeX command names (HO)
Package etexcmds Info: Could not find \expanded.
(etexcmds)             That can mean that you are not using pdfTeX 1.50 or
(etexcmds)             that some package has redefined \expanded.
(etexcmds)             In the latter case, load this package earlier.
))
(C:\Software\Latex\CTEX\MiKTeX\tex\generic\oberdiek\pdfescape.sty
Package: pdfescape 2010/03/01 v1.9 Provides hex, PDF name and string conversion
s (HO)
)
(C:\Software\Latex\CTEX\MiKTeX\tex\generic\oberdiek\ifvtex.sty
Package: ifvtex 2010/03/01 v1.5 Switches for detecting VTeX and its modes (HO)
Package ifvtex Info: VTeX not detected.
)
(C:\Software\Latex\CTEX\MiKTeX\tex\latex\oberdiek\hycolor.sty
Package: hycolor 2009/12/12 v1.6 Color options of hyperref/bookmark (HO)

(C:\Software\Latex\CTEX\MiKTeX\tex\latex\oberdiek\xcolor-patch.sty
Package: xcolor-patch 2009/12/12 xcolor patch
))
(C:\Software\Latex\CTEX\MiKTeX\tex\latex\oberdiek\letltxmacro.sty
Package: letltxmacro 2008/06/24 v1.3 Let assignment for LaTeX macros (HO)
)
(C:\Software\Latex\CTEX\MiKTeX\tex\latex\oberdiek\kvoptions.sty
Package: kvoptions 2010/02/22 v3.7 Keyval support for LaTeX options (HO)
)
\@linkdim=\dimen108
\Hy@linkcounter=\count98
\Hy@pagecounter=\count99

(C:\Software\Latex\CTEX\MiKTeX\tex\latex\hyperref\pd1enc.def
File: pd1enc.def 2010/11/26 v6.81v Hyperref: PDFDocEncoding definition (HO)
)
(C:\Software\Latex\CTEX\MiKTeX\tex\generic\oberdiek\intcalc.sty
Package: intcalc 2007/09/27 v1.1 Expandable integer calculations (HO)
)
\Hy@SavedSpaceFactor=\count100

(C:\Software\Latex\CTEX\MiKTeX\tex\latex\00miktex\hyperref.cfg
File: hyperref.cfg 2002/06/06 v1.2 hyperref configuration of TeXLive
)
Package hyperref Info: Hyper figures OFF on input line 3993.
Package hyperref Info: Link nesting OFF on input line 3998.
Package hyperref Info: Hyper index ON on input line 4001.
Package hyperref Info: Plain pages OFF on input line 4008.
Package hyperref Info: Backreferencing OFF on input line 4013.
Package hyperref Info: Implicit mode ON; LaTeX internals redefined.
Package hyperref Info: Bookmarks ON on input line 4228.
\c@Hy@tempcnt=\count101

(C:\Software\Latex\CTEX\MiKTeX\tex\latex\ltxmisc\url.sty
\Urlmuskip=\muskip10
Package: url 2006/04/12  ver 3.3  Verb mode for urls, etc.
)
LaTeX Info: Redefining \url on input line 4583.

(C:\Software\Latex\CTEX\MiKTeX\tex\generic\oberdiek\bitset.sty
Package: bitset 2007/09/28 v1.0 Data type bit set (HO)

(C:\Software\Latex\CTEX\MiKTeX\tex\generic\oberdiek\bigintcalc.sty
Package: bigintcalc 2007/11/11 v1.1 Expandable big integer calculations (HO)
))
\Fld@menulength=\count102
\Field@Width=\dimen109
\Fld@charsize=\dimen110
Package hyperref Info: Hyper figures OFF on input line 5667.
Package hyperref Info: Link nesting OFF on input line 5672.
Package hyperref Info: Hyper index ON on input line 5675.
Package hyperref Info: backreferencing OFF on input line 5682.
Package hyperref Info: Link coloring OFF on input line 5687.
Package hyperref Info: Link coloring with OCG OFF on input line 5692.
Package hyperref Info: PDF/A mode OFF on input line 5697.
LaTeX Info: Redefining \ref on input line 5737.
LaTeX Info: Redefining \pageref on input line 5741.

(C:\Software\Latex\CTEX\MiKTeX\tex\generic\oberdiek\atbegshi.sty
Package: atbegshi 2010/03/25 v1.12 At begin shipout hook (HO)
)
\Hy@abspage=\count103
\c@Item=\count104
\c@Hfootnote=\count105
)

Package hyperref Message: Driver: hpdftex.

(C:\Software\Latex\CTEX\MiKTeX\tex\latex\hyperref\hpdftex.def
File: hpdftex.def 2010/11/26 v6.81v Hyperref driver for pdfTeX

(C:\Software\Latex\CTEX\MiKTeX\tex\latex\oberdiek\atveryend.sty
Package: atveryend 2010/03/24 v1.5 Hooks at very end of document (HO)
Package atveryend Info: \enddocument detected (standard).
)
\Fld@listcount=\count106
\c@bookmark@seq@number=\count107

(C:\Software\Latex\CTEX\MiKTeX\tex\latex\oberdiek\rerunfilecheck.sty
Package: rerunfilecheck 2010/03/16 v1.6 Rerun checks for auxiliary files (HO)

(C:\Software\Latex\CTEX\MiKTeX\tex\generic\oberdiek\uniquecounter.sty
Package: uniquecounter 2009/12/18 v1.1 Provides unlimited unique counter (HO)
)
Package uniquecounter Info: New unique counter `rerunfilecheck' on input line 2
71.
)
\Hy@SectionHShift=\skip55
)
Package hyperref Info: Option `CJKbookmarks' set `true' on input line 3.
Package hyperref Info: Option `colorlinks' set `true' on input line 3.

(C:\Software\Latex\CTEX\CTeX\tex\latex\ctex\cfg\ctexcap.cfg
(C:\Software\Latex\CTEX\CTeX\tex\latex\ctex\cfg\ctexcap-gbk.cfg))
(C:\Software\Latex\CTEX\CTeX\tex\latex\ctex\cfg\ctex.cfg)
(E:\同步\同步\研究生毕设\研究生毕业论文\LATEX模板\BIT_Thesis\Thesis_LATEX\setup
.tex (C:\Software\Latex\CTEX\MiKTeX\tex\latex\oberdiek\pdflscape.sty
Package: pdflscape 2008/08/11 v0.10 Landscape pages in PDF (HO)

(C:\Software\Latex\CTEX\MiKTeX\tex\latex\graphics\lscape.sty
Package: lscape 2000/10/22 v3.01 Landscape Pages (DPC)

(C:\Software\Latex\CTEX\MiKTeX\tex\latex\graphics\graphics.sty
Package: graphics 2009/02/05 v1.0o Standard LaTeX Graphics (DPC,SPQR)

(C:\Software\Latex\CTEX\MiKTeX\tex\latex\graphics\trig.sty
Package: trig 1999/03/16 v1.09 sin cos tan (DPC)
)
(C:\Software\Latex\CTEX\MiKTeX\tex\latex\00miktex\graphics.cfg
File: graphics.cfg 2007/01/18 v1.5 graphics configuration of teTeX/TeXLive
)
Package graphics Info: Driver file: pdftex.def on input line 91.

(C:\Software\Latex\CTEX\MiKTeX\tex\latex\pdftex-def\pdftex.def
File: pdftex.def 2010/11/26 v0.05c Graphics/color for pdfTeX
\Gread@gobject=\count108
)))
Package pdflscape Info: Auto-detected driver: pdftex on input line 77.
)
(C:\Software\Latex\CTEX\MiKTeX\tex\latex\tools\array.sty
Package: array 2008/09/09 v2.4c Tabular extension package (FMi)
\col@sep=\dimen111
\extrarowheight=\dimen112
\NC@list=\toks16
\extratabsurround=\skip56
\backup@length=\skip57
)
(C:\Software\Latex\CTEX\MiKTeX\tex\latex\tools\enumerate.sty
Package: enumerate 1999/03/05 v3.00 enumerate extensions (DPC)
\@enLab=\toks17
)
(C:\Software\Latex\CTEX\MiKTeX\tex\latex\natbib\natbib.sty
Package: natbib 2009/11/07 8.31a (PWD, AO)
\bibhang=\skip58
\bibsep=\skip59
LaTeX Info: Redefining \cite on input line 694.
\c@NAT@ctr=\count109
)
(E:\同步\同步\研究生毕设\研究生毕业论文\LATEX模板\BIT_Thesis\Thesis_LATEX\hyper
nat.sty) (C:\Software\Latex\CTEX\MiKTeX\tex\latex\amsfonts\amssymb.sty
Package: amssymb 2009/06/22 v3.00

(C:\Software\Latex\CTEX\MiKTeX\tex\latex\amsfonts\amsfonts.sty
Package: amsfonts 2009/06/22 v3.00 Basic AMSFonts support
\@emptytoks=\toks18
\symAMSa=\mathgroup4
\symAMSb=\mathgroup5
LaTeX Font Info:    Overwriting math alphabet `\mathfrak' in version `bold'
(Font)                  U/euf/m/n --> U/euf/b/n on input line 96.
))
(C:\Software\Latex\CTEX\MiKTeX\tex\latex\ams\math\amsmath.sty
Package: amsmath 2000/07/18 v2.13 AMS math features
\@mathmargin=\skip60

For additional information on amsmath, use the `?' option.
(C:\Software\Latex\CTEX\MiKTeX\tex\latex\ams\math\amstext.sty
Package: amstext 2000/06/29 v2.01

(C:\Software\Latex\CTEX\MiKTeX\tex\latex\ams\math\amsgen.sty
File: amsgen.sty 1999/11/30 v2.0
\@emptytoks=\toks19
\ex@=\dimen113
))
(C:\Software\Latex\CTEX\MiKTeX\tex\latex\ams\math\amsbsy.sty
Package: amsbsy 1999/11/29 v1.2d
\pmbraise@=\dimen114
)
(C:\Software\Latex\CTEX\MiKTeX\tex\latex\ams\math\amsopn.sty
Package: amsopn 1999/12/14 v2.01 operator names
)
\inf@bad=\count110
LaTeX Info: Redefining \frac on input line 211.
\uproot@=\count111
\leftroot@=\count112
LaTeX Info: Redefining \overline on input line 307.
\classnum@=\count113
\DOTSCASE@=\count114
LaTeX Info: Redefining \ldots on input line 379.
LaTeX Info: Redefining \dots on input line 382.
LaTeX Info: Redefining \cdots on input line 467.
\Mathstrutbox@=\box32
\strutbox@=\box33
\big@size=\dimen115
LaTeX Font Info:    Redeclaring font encoding OML on input line 567.
LaTeX Font Info:    Redeclaring font encoding OMS on input line 568.
\macc@depth=\count115
\c@MaxMatrixCols=\count116
\dotsspace@=\muskip11
\c@parentequation=\count117
\dspbrk@lvl=\count118
\tag@help=\toks20
\row@=\count119
\column@=\count120
\maxfields@=\count121
\andhelp@=\toks21
\eqnshift@=\dimen116
\alignsep@=\dimen117
\tagshift@=\dimen118
\tagwidth@=\dimen119
\totwidth@=\dimen120
\lineht@=\dimen121
\@envbody=\toks22
\multlinegap=\skip61
\multlinetaggap=\skip62
\mathdisplay@stack=\toks23
LaTeX Info: Redefining \[ on input line 2666.
LaTeX Info: Redefining \] on input line 2667.
)
(C:\Software\Latex\CTEX\MiKTeX\tex\latex\graphics\color.sty
Package: color 2005/11/14 v1.0j Standard LaTeX Color (DPC)

(C:\Software\Latex\CTEX\MiKTeX\tex\latex\00miktex\color.cfg
File: color.cfg 2007/01/18 v1.5 color configuration of teTeX/TeXLive
)
Package color Info: Driver file: pdftex.def on input line 130.
)
(C:\Software\Latex\CTEX\MiKTeX\tex\latex\fancyref\fancyref.sty
Package: fancyref 1999/02/03 v0.9c Fancy cross-referencing

(C:\Software\Latex\CTEX\MiKTeX\tex\latex\tools\varioref.sty
Package: varioref 2009/09/13 v1.4w package for extended references (FMi)
\c@vrcnt=\count122
))
(C:\Software\Latex\CTEX\MiKTeX\tex\latex\jknappen\mathrsfs.sty
Package: mathrsfs 1996/01/01 Math RSFS package v1.0 (jk)
\symrsfs=\mathgroup6
)
(C:\Software\Latex\CTEX\MiKTeX\tex\latex\subfigure\subfigure.sty
Package: subfigure 2002/07/30 v2.1.4 subfigure package
\subfigtopskip=\skip63
\subfigcapskip=\skip64
\subfigcaptopadj=\dimen122
\subfigbottomskip=\skip65
\subfigcapmargin=\dimen123
\subfiglabelskip=\skip66
\c@subfigure=\count123
\c@lofdepth=\count124
\c@subtable=\count125
\c@lotdepth=\count126

****************************************
* Local config file subfigure.cfg used *
****************************************
(C:\Software\Latex\CTEX\MiKTeX\tex\latex\subfigure\subfigure.cfg)
\subfig@top=\skip67
\subfig@bottom=\skip68
)
(C:\Software\Latex\CTEX\MiKTeX\tex\latex\listings\listings.sty
\lst@mode=\count127
\lst@gtempboxa=\box34
\lst@token=\toks24
\lst@length=\count128
\lst@currlwidth=\dimen124
\lst@column=\count129
\lst@pos=\count130
\lst@lostspace=\dimen125
\lst@width=\dimen126
\lst@newlines=\count131
\lst@lineno=\count132
\lst@maxwidth=\dimen127

(C:\Software\Latex\CTEX\MiKTeX\tex\latex\listings\lstmisc.sty
File: lstmisc.sty 2007/02/22 1.4 (Carsten Heinz)
\c@lstnumber=\count133
\lst@skipnumbers=\count134
\lst@framebox=\box35
)
(C:\Software\Latex\CTEX\MiKTeX\tex\latex\listings\listings.cfg
File: listings.cfg 2007/02/22 1.4 listings configuration
))
Package: listings 2007/02/22 1.4 (Carsten Heinz)

(C:\Software\Latex\CTEX\MiKTeX\tex\latex\geometry\geometry.sty
Package: geometry 2010/09/12 v5.6 Page Geometry
\Gm@cnth=\count135
\Gm@cntv=\count136
\c@Gm@tempcnt=\count137
\Gm@bindingoffset=\dimen128
\Gm@wd@mp=\dimen129
\Gm@odd@mp=\dimen130
\Gm@even@mp=\dimen131
\Gm@layoutwidth=\dimen132
\Gm@layoutheight=\dimen133
\Gm@layouthoffset=\dimen134
\Gm@layoutvoffset=\dimen135
\Gm@dimlist=\toks25

(C:\Software\Latex\CTEX\MiKTeX\tex\latex\geometry\geometry.cfg))
(C:\Software\Latex\CTEX\MiKTeX\tex\latex\graphics\graphicx.sty
Package: graphicx 1999/02/16 v1.0f Enhanced LaTeX Graphics (DPC,SPQR)
\Gin@req@height=\dimen136
\Gin@req@width=\dimen137
)
(C:\Software\Latex\CTEX\MiKTeX\tex\latex\threeparttable\threeparttable.sty
Package: threeparttable 2003/06/13  v 3.0
\@tempboxb=\box36
)
(C:\Software\Latex\CTEX\MiKTeX\tex\latex\tools\dcolumn.sty
Package: dcolumn 2001/05/28 v1.06 decimal alignment package (DPC)
)
(C:\Software\Latex\CTEX\MiKTeX\tex\latex\multirow\multirow.sty
\bigstrutjot=\dimen138
)
(C:\Software\Latex\CTEX\MiKTeX\tex\latex\booktabs\booktabs.sty
Package: booktabs 2005/04/14 v1.61803 publication quality tables
\heavyrulewidth=\dimen139
\lightrulewidth=\dimen140
\cmidrulewidth=\dimen141
\belowrulesep=\dimen142
\belowbottomsep=\dimen143
\aboverulesep=\dimen144
\abovetopsep=\dimen145
\cmidrulesep=\dimen146
\cmidrulekern=\dimen147
\defaultaddspace=\dimen148
\@cmidla=\count138
\@cmidlb=\count139
\@aboverulesep=\dimen149
\@belowrulesep=\dimen150
\@thisruleclass=\count140
\@lastruleclass=\count141
\@thisrulewidth=\dimen151
)
(C:\Software\Latex\CTEX\MiKTeX\tex\latex\caption\caption.sty
Package: caption 2010/01/09 v3.1m Customizing captions (AR)

(C:\Software\Latex\CTEX\MiKTeX\tex\latex\caption\caption3.sty
Package: caption3 2010/01/14 v3.1m caption3 kernel (AR)
\captionmargin=\dimen152
\captionmargin@=\dimen153
\captionwidth=\dimen154
\caption@indent=\dimen155
\caption@parindent=\dimen156
\caption@hangindent=\dimen157
Package caption Info: Unknown document class (or package),
(caption)             standard defaults will be used on input line 1084.
)

Package caption Warning: Unsupported document class (or package) detected,
(caption)                usage of the caption package is not recommended.
See the caption package documentation for explanation.

Package caption Info: \@makecaption = \long macro:#1#2->\vskip \abovecaptionski
p \sbox \@tempboxa {#1\CTEX@caption@delimiter #2}\ifdim \wd \@tempboxa >\hsize 
#1\CTEX@caption@delimiter #2\par \else \global \@minipagefalse \hb@xt@ \hsize {
\hfil \box \@tempboxa \hfil }\fi \vskip \belowcaptionskip .
\c@ContinuedFloat=\count142
Package caption Info: hyperref package is loaded.
Package caption Info: listings package is loaded.
Package caption Info: subfigure package is loaded.
Package caption Info: threeparttable package is loaded.
)
\c@theorem=\count143
\c@corollary=\count144
\c@property=\count145
\c@lemma=\count146
\c@example=\count147
\c@assumption=\count148
\c@problem=\count149
\c@definition=\count150
\c@remark=\count151
\c@notation=\count152
 (C:\Software\Latex\CTEX\MiKTeX\tex\latex\tools\calc.sty
Package: calc 2007/08/22 v4.3 Infix arithmetic (KKT,FJ)
\calc@Acount=\count153
\calc@Bcount=\count154
\calc@Adimen=\dimen158
\calc@Bdimen=\dimen159
\calc@Askip=\skip69
\calc@Bskip=\skip70
LaTeX Info: Redefining \setlength on input line 76.
LaTeX Info: Redefining \addtolength on input line 77.
\calc@Ccount=\count155
\calc@Cskip=\skip71
)
\tmpfontsizelength=\skip72

(C:\Software\Latex\CTEX\MiKTeX\tex\latex\titlesec\titlesec.sty
Package: titlesec 2007/08/12 v2.8 Sectioning titles
\ttl@box=\box37
\beforetitleunit=\skip73
\aftertitleunit=\skip74
\ttl@plus=\dimen160
\ttl@minus=\dimen161
\ttl@toksa=\toks26
\titlewidth=\dimen162
\titlewidthlast=\dimen163
\titlewidthfirst=\dimen164
)
(C:\Software\Latex\CTEX\MiKTeX\tex\latex\titlesec\titletoc.sty
Package: titletoc 2007/08/12 v1.6 TOC entries
\ttl@leftsep=\dimen165
)
(C:\Software\Latex\CTEX\MiKTeX\tex\latex\tocbibind\tocbibind.sty
Package: tocbibind 2010/10/13 v1.5k extra ToC listings
Package tocbibind Info: The document has chapter divisions on input line 50.


Package tocbibind Note: Using chapter style headings, unless overridden.

)
Package hyperref Info: Option `CJKbookmarks' set `true' on input line 241.
Package hyperref Info: Option `bookmarksnumbered' set `true' on input line 241.

Package hyperref Info: Option `bookmarksopen' set `true' on input line 241.


Package hyperref Warning: Option `bookmarks' has already been used,
(hyperref)                setting the option has no effect on input line 241.

Package hyperref Info: Option `colorlinks' set `true' on input line 241.
)
(E:\同步\同步\研究生毕设\研究生毕业论文\LATEX模板\BIT_Thesis\Thesis_LATEX\Thesi
s.aux
(E:\同步\同步\研究生毕设\研究生毕业论文\LATEX模板\BIT_Thesis\Thesis_LATEX\chapt
er/chapter1.aux)
(E:\同步\同步\研究生毕设\研究生毕业论文\LATEX模板\BIT_Thesis\Thesis_LATEX\chapt
er/chapter2.aux)
(E:\同步\同步\研究生毕设\研究生毕业论文\LATEX模板\BIT_Thesis\Thesis_LATEX\chapt
er/chapter3.aux)
(E:\同步\同步\研究生毕设\研究生毕业论文\LATEX模板\BIT_Thesis\Thesis_LATEX\chapt
er/chapter4.aux)
(E:\同步\同步\研究生毕设\研究生毕业论文\LATEX模板\BIT_Thesis\Thesis_LATEX\chapt
er/chapter5.aux)
(E:\同步\同步\研究生毕设\研究生毕业论文\LATEX模板\BIT_Thesis\Thesis_LATEX\chapt
er/chap-bibs.aux)
(E:\同步\同步\研究生毕设\研究生毕业论文\LATEX模板\BIT_Thesis\Thesis_LATEX\chapt
er/chap-pubs.aux)
(E:\同步\同步\研究生毕设\研究生毕业论文\LATEX模板\BIT_Thesis\Thesis_LATEX\chapt
er/chap-ack.aux))
LaTeX Font Info:    Checking defaults for OML/cmm/m/it on input line 8.
LaTeX Font Info:    ... okay on input line 8.
LaTeX Font Info:    Checking defaults for T1/cmr/m/n on input line 8.
LaTeX Font Info:    ... okay on input line 8.
LaTeX Font Info:    Checking defaults for OT1/cmr/m/n on input line 8.
LaTeX Font Info:    ... okay on input line 8.
LaTeX Font Info:    Checking defaults for OMS/cmsy/m/n on input line 8.
LaTeX Font Info:    ... okay on input line 8.
LaTeX Font Info:    Checking defaults for OMX/cmex/m/n on input line 8.
LaTeX Font Info:    ... okay on input line 8.
LaTeX Font Info:    Checking defaults for U/cmr/m/n on input line 8.
LaTeX Font Info:    ... okay on input line 8.
LaTeX Font Info:    Checking defaults for TS1/cmr/m/n on input line 8.
LaTeX Font Info:    ... okay on input line 8.
LaTeX Font Info:    Checking defaults for C00/song/m/n on input line 8.
LaTeX Font Info:    ... okay on input line 8.
LaTeX Font Info:    Checking defaults for C05/song/m/n on input line 8.
LaTeX Font Info:    ... okay on input line 8.
LaTeX Font Info:    Checking defaults for C09/song/m/n on input line 8.
LaTeX Font Info:    ... okay on input line 8.
LaTeX Font Info:    Checking defaults for C10/song/m/n on input line 8.
LaTeX Font Info:    ... okay on input line 8.
LaTeX Font Info:    Checking defaults for C20/song/m/n on input line 8.
LaTeX Font Info:    ... okay on input line 8.
LaTeX Font Info:    Checking defaults for C19/song/m/n on input line 8.
LaTeX Font Info:    ... okay on input line 8.
LaTeX Font Info:    Checking defaults for C40/song/m/n on input line 8.
LaTeX Font Info:    ... okay on input line 8.
LaTeX Font Info:    Checking defaults for C42/song/m/n on input line 8.
LaTeX Font Info:    ... okay on input line 8.
LaTeX Font Info:    Checking defaults for C43/song/m/n on input line 8.
LaTeX Font Info:    ... okay on input line 8.
LaTeX Font Info:    Checking defaults for C50/song/m/n on input line 8.
LaTeX Font Info:    ... okay on input line 8.
LaTeX Font Info:    Checking defaults for C52/song/m/n on input line 8.
LaTeX Font Info:    ... okay on input line 8.
LaTeX Font Info:    Checking defaults for C49/song/m/n on input line 8.
LaTeX Font Info:    ... okay on input line 8.
LaTeX Font Info:    Checking defaults for C60/mj/m/n on input line 8.
LaTeX Font Info:    ... okay on input line 8.
LaTeX Font Info:    Checking defaults for C61/mj/m/n on input line 8.
LaTeX Font Info:    ... okay on input line 8.
LaTeX Font Info:    Checking defaults for C63/mj/m/n on input line 8.
LaTeX Font Info:    ... okay on input line 8.
LaTeX Font Info:    Checking defaults for C64/mj/m/n on input line 8.
LaTeX Font Info:    ... okay on input line 8.
LaTeX Font Info:    Checking defaults for C65/mj/m/n on input line 8.
LaTeX Font Info:    ... okay on input line 8.
LaTeX Font Info:    Checking defaults for C70/song/m/n on input line 8.
LaTeX Font Info:    ... okay on input line 8.
LaTeX Font Info:    Checking defaults for C31/song/m/n on input line 8.
LaTeX Font Info:    ... okay on input line 8.
LaTeX Font Info:    Checking defaults for C32/song/m/n on input line 8.
LaTeX Font Info:    ... okay on input line 8.
LaTeX Font Info:    Checking defaults for C33/song/m/n on input line 8.
LaTeX Font Info:    ... okay on input line 8.
LaTeX Font Info:    Checking defaults for C34/song/m/n on input line 8.
LaTeX Font Info:    ... okay on input line 8.
LaTeX Font Info:    Checking defaults for C35/song/m/n on input line 8.
LaTeX Font Info:    ... okay on input line 8.
LaTeX Font Info:    Checking defaults for C36/song/m/n on input line 8.
LaTeX Font Info:    ... okay on input line 8.
LaTeX Font Info:    Checking defaults for C37/song/m/n on input line 8.
LaTeX Font Info:    ... okay on input line 8.
LaTeX Font Info:    Checking defaults for C80/song/m/n on input line 8.
LaTeX Font Info:    ... okay on input line 8.
LaTeX Font Info:    Checking defaults for C81/song/m/n on input line 8.
LaTeX Font Info:    ... okay on input line 8.
LaTeX Font Info:    Checking defaults for C01/song/m/n on input line 8.
LaTeX Font Info:    ... okay on input line 8.
LaTeX Font Info:    Checking defaults for C11/song/m/n on input line 8.
LaTeX Font Info:    ... okay on input line 8.
LaTeX Font Info:    Checking defaults for C21/song/m/n on input line 8.
LaTeX Font Info:    ... okay on input line 8.
LaTeX Font Info:    Checking defaults for C41/song/m/n on input line 8.
LaTeX Font Info:    ... okay on input line 8.
LaTeX Font Info:    Checking defaults for C62/song/m/n on input line 8.
LaTeX Font Info:    ... okay on input line 8.
LaTeX Font Info:    Checking defaults for PD1/pdf/m/n on input line 8.
LaTeX Font Info:    ... okay on input line 8.
\AtBeginShipoutBox=\box38
Package hyperref Info: Link coloring ON on input line 8.
 (C:\Software\Latex\CTEX\MiKTeX\tex\latex\hyperref\nameref.sty
Package: nameref 2010/04/30 v2.40 Cross-referencing by name of section
(C:\Software\Latex\CTEX\MiKTeX\tex\latex\oberdiek\refcount.sty
Package: refcount 2008/08/11 v3.1 Data extraction from references (HO)
)
(C:\Software\Latex\CTEX\MiKTeX\tex\generic\oberdiek\gettitlestring.sty
Package: gettitlestring 2009/12/18 v1.3 Cleanup title references (HO)
)
\c@section@level=\count156
LaTeX Info: Redefining \Ref on input line 498.
)
LaTeX Info: Redefining \ref on input line 8.
LaTeX Info: Redefining \pageref on input line 8.
LaTeX Info: Redefining \nameref on input line 8.

(E:\同步\同步\研究生毕设\研究生毕业论文\LATEX模板\BIT_Thesis\Thesis_LATEX\Thesi
s.out)
(E:\同步\同步\研究生毕设\研究生毕业论文\LATEX模板\BIT_Thesis\Thesis_LATEX\Thesi
s.out)
\@outlinefile=\write3
LaTeX Info: Redefining \Ref on input line 8.
 (C:\Software\Latex\CTEX\MiKTeX\tex\context\base\supp-pdf.mkii
[Loading MPS to PDF converter (version 2006.09.02).]
\scratchcounter=\count157
\scratchdimen=\dimen166
\scratchbox=\box39
\nofMPsegments=\count158
\nofMParguments=\count159
\everyMPshowfont=\toks27
\MPscratchCnt=\count160
\MPscratchDim=\dimen167
\MPnumerator=\count161
\everyMPtoPDFconversion=\toks28
)
\c@lstlisting=\count162

*geometry* driver: auto-detecting
*geometry* detected driver: pdftex
*geometry* verbose mode - [ preamble ] result:
* driver: pdftex
* paper: a4paper
* layout: <same size as paper>
* layoutoffset:(h,v)=(0.0pt,0.0pt)
* modes: twoside 
* h-part:(L,W,R)=(76.82234pt, 443.86319pt, 76.82234pt)
* v-part:(T,H,B)=(105.2751pt, 651.56804pt, 88.2037pt)
* \paperwidth=597.50787pt
* \paperheight=845.04684pt
* \textwidth=443.86319pt
* \textheight=651.56804pt
* \oddsidemargin=4.55235pt
* \evensidemargin=4.55235pt
* \topmargin=-15.32143pt
* \headheight=28.45274pt
* \headsep=19.8738pt
* \topskip=12.0pt
* \footskip=36.98866pt
* \marginparwidth=88.0pt
* \marginparsep=7.0pt
* \columnsep=10.0pt
* \skip\footins=10.8pt plus 4.0pt minus 2.0pt
* \hoffset=0.0pt
* \voffset=0.0pt
* \mag=1000
* \@twocolumnfalse
* \@twosidetrue
* \@mparswitchtrue
* \@reversemarginfalse
* (1in=72.27pt=25.4mm, 1cm=28.453pt)

Package caption Info: Begin \AtBeginDocument code.
Package caption Info: End \AtBeginDocument code.
(C:\Software\Latex\CTEX\MiKTeX\tex\latex\cjk\standard.bdg
File: standard.bdg 2008/12/29 4.8.2
)
(C:\Software\Latex\CTEX\MiKTeX\tex\latex\cjk\extended.enc
File: extended.enc 2008/12/29 4.8.2
)
(C:\Software\Latex\CTEX\MiKTeX\tex\latex\cjk\extended.chr
File: extended.chr 2008/12/29 4.8.2
)
(E:\同步\同步\研究生毕设\研究生毕业论文\LATEX模板\BIT_Thesis\Thesis_LATEX\chapt
er/chap-cover.tex
LaTeX Font Info:    Try loading font information for C19+rm on input line 7.
 (C:\Software\Latex\CTEX\CTeX\tex\latex\ctex\fd\c19rm.fd
File: c19rm.fd 2007/05/06 v0.8a ctex font definition file
)
Underfull \hbox (badness 10000) in paragraph at lines 6--13

 []


Underfull \hbox (badness 10000) in paragraph at lines 6--13

 []


Underfull \hbox (badness 10000) in paragraph at lines 6--13

 []

LaTeX Font Info:    Try loading font information for U+msa on input line 16.
(C:\Software\Latex\CTEX\MiKTeX\tex\latex\amsfonts\umsa.fd
File: umsa.fd 2009/06/22 v3.00 AMS symbols A
)
LaTeX Font Info:    Try loading font information for U+msb on input line 16.

(C:\Software\Latex\CTEX\MiKTeX\tex\latex\amsfonts\umsb.fd
File: umsb.fd 2009/06/22 v3.00 AMS symbols B
)
LaTeX Font Info:    Try loading font information for U+rsfs on input line 16.

(C:\Software\Latex\CTEX\MiKTeX\tex\latex\jknappen\ursfs.fd
File: ursfs.fd 1998/03/24 rsfs font definition file (jk)
)
Underfull \hbox (badness 10000) in paragraph at lines 16--17

 []


Underfull \hbox (badness 10000) in paragraph at lines 16--17

 []


LaTeX Font Warning: Font shape `U/rsfs/m/n' in size <10.54> not available
(Font)              size <10.95> substituted on input line 24.


LaTeX Font Warning: Font shape `U/rsfs/m/n' in size <7.53> not available
(Font)              size <8> substituted on input line 24.

LaTeX Font Info:    Try loading font information for C19+zhhei on input line 25
.
(C:\Software\Latex\CTEX\CTeX\tex\latex\zhmetrics\c19zhhei.fd
File: c19zhhei.fd 2009/09/23 4.8.2
) [1



]
Underfull \hbox (badness 10000) in paragraph at lines 40--43

 []


Underfull \hbox (badness 10000) in paragraph at lines 40--43

 []


Underfull \hbox (badness 10000) in paragraph at lines 40--43

 []

)
(E:\同步\同步\研究生毕设\研究生毕业论文\LATEX模板\BIT_Thesis\Thesis_LATEX\chapt
er/chap-name.tex [2]
LaTeX Font Info:    Calculating math sizes for size <16> on input line 11.


LaTeX Font Warning: Font shape `U/rsfs/m/n' in size <16> not available
(Font)              size <17.28> substituted on input line 11.

)
(E:\同步\同步\研究生毕设\研究生毕业论文\LATEX模板\BIT_Thesis\Thesis_LATEX\chapt
er/chap-shengming.tex [3]
Package CJKpunct Info: punctuation spaces for family 'zhsong' do not exist. Use
 family 'def' instead. on input line 9.
)
(E:\同步\同步\研究生毕设\研究生毕业论文\LATEX模板\BIT_Thesis\Thesis_LATEX\chapt
er/chap-abstract.tex [4]
LaTeX Font Info:    Try loading font information for C19+zhsong on input line 1
6.

(C:\Software\Latex\CTEX\CTeX\tex\latex\zhmetrics\c19zhsong.fd
File: c19zhsong.fd 2009/09/23 4.8.2
) [1

] [2

])
[3] [4

]
(E:\同步\同步\研究生毕设\研究生毕业论文\LATEX模板\BIT_Thesis\Thesis_LATEX\Thesi
s.toc
Overfull \hbox (237.66707pt too wide) in paragraph at lines 9--9
[]|[][][] 
 []

)
\tf@toc=\write4
 [5] [6


]
(E:\同步\同步\研究生毕设\研究生毕业论文\LATEX模板\BIT_Thesis\Thesis_LATEX\chapt
er/chapter1.tex
第\hspace {0.25em plus 0.125em minus 0.08em}\ignorespaces 1\hspace {0.25em plus
 0.125em minus 0.08em}\ignorespaces \ignorespaces 章
) [1


]
(E:\同步\同步\研究生毕设\研究生毕业论文\LATEX模板\BIT_Thesis\Thesis_LATEX\chapt
er/chapter2.tex [2



]
第\hspace {0.25em plus 0.125em minus 0.08em}\ignorespaces 2\hspace {0.25em plus
 0.125em minus 0.08em}\ignorespaces \ignorespaces 章
) [3]
(E:\同步\同步\研究生毕设\研究生毕业论文\LATEX模板\BIT_Thesis\Thesis_LATEX\chapt
er/chapter3.tex [4



]
第\hspace {0.25em plus 0.125em minus 0.08em}\ignorespaces 3\hspace {0.25em plus
 0.125em minus 0.08em}\ignorespaces \ignorespaces 章
) [5]
(E:\同步\同步\研究生毕设\研究生毕业论文\LATEX模板\BIT_Thesis\Thesis_LATEX\chapt
er/chapter4.tex [6



]
第\hspace {0.25em plus 0.125em minus 0.08em}\ignorespaces 4\hspace {0.25em plus
 0.125em minus 0.08em}\ignorespaces \ignorespaces 章
) [7]
(E:\同步\同步\研究生毕设\研究生毕业论文\LATEX模板\BIT_Thesis\Thesis_LATEX\chapt
er/chapter5.tex [8



]
第\hspace {0.25em plus 0.125em minus 0.08em}\ignorespaces 5\hspace {0.25em plus
 0.125em minus 0.08em}\ignorespaces \ignorespaces 章
) [9]
(E:\同步\同步\研究生毕设\研究生毕业论文\LATEX模板\BIT_Thesis\Thesis_LATEX\chapt
er/chap-bibs.tex [10



]) [11]
(E:\同步\同步\研究生毕设\研究生毕业论文\LATEX模板\BIT_Thesis\Thesis_LATEX\chapt
er/chap-pubs.tex [12



]) [13]
(E:\同步\同步\研究生毕设\研究生毕业论文\LATEX模板\BIT_Thesis\Thesis_LATEX\chapt
er/chap-ack.tex [14



]) [15]
Package atveryend Info: Empty hook `BeforeClearDocument' on input line 52.
Package atveryend Info: Empty hook `AfterLastShipout' on input line 52.

(E:\同步\同步\研究生毕设\研究生毕业论文\LATEX模板\BIT_Thesis\Thesis_LATEX\Thesi
s.aux
(E:\同步\同步\研究生毕设\研究生毕业论文\LATEX模板\BIT_Thesis\Thesis_LATEX\chapt
er/chapter1.aux)
(E:\同步\同步\研究生毕设\研究生毕业论文\LATEX模板\BIT_Thesis\Thesis_LATEX\chapt
er/chapter2.aux)
(E:\同步\同步\研究生毕设\研究生毕业论文\LATEX模板\BIT_Thesis\Thesis_LATEX\chapt
er/chapter3.aux)
(E:\同步\同步\研究生毕设\研究生毕业论文\LATEX模板\BIT_Thesis\Thesis_LATEX\chapt
er/chapter4.aux)
(E:\同步\同步\研究生毕设\研究生毕业论文\LATEX模板\BIT_Thesis\Thesis_LATEX\chapt
er/chapter5.aux)
(E:\同步\同步\研究生毕设\研究生毕业论文\LATEX模板\BIT_Thesis\Thesis_LATEX\chapt
er/chap-bibs.aux)
(E:\同步\同步\研究生毕设\研究生毕业论文\LATEX模板\BIT_Thesis\Thesis_LATEX\chapt
er/chap-pubs.aux)
(E:\同步\同步\研究生毕设\研究生毕业论文\LATEX模板\BIT_Thesis\Thesis_LATEX\chapt
er/chap-ack.aux))
Package atveryend Info: Executing hook `AtVeryEndDocument' on input line 52.
Package rerunfilecheck Info: File `Thesis.out' has not changed.
(rerunfilecheck)             Checksum: 78D3087CC643CC92CDD3C5CFAAD6CE98;474.


LaTeX Font Warning: Size substitutions with differences
(Font)              up to 1.28pt have occurred.

 ) 
Here is how much of TeX's memory you used:
 13397 strings out of 495362
 208416 string characters out of 3183183
 287729 words of memory out of 3000000
 16079 multiletter control sequences out of 15000+200000
 60351 words of font info for 214 fonts, out of 3000000 for 9000
 14 hyphenation exceptions out of 8191
 42i,11n,46p,502b,949s stack positions out of 5000i,500n,10000p,200000b,50000s
<C:/WINDOWS/Fonts/simsun.ttc><C:/WINDOWS/Fonts/simsun.ttc><C:/WINDOWS/Fonts/s
imsun.ttc><C:/WINDOWS/Fonts/simsun.ttc><C:/WINDOWS/Fonts/simsun.ttc><C:/WINDOWS
/Fonts/simsun.ttc><C:/WINDOWS/Fonts/simsun.ttc><C:/WINDOWS/Fonts/simsun.ttc><C:
/WINDOWS/Fonts/simsun.ttc><C:/WINDOWS/Fonts/simsun.ttc><C:/WINDOWS/Fonts/simsun
.ttc><C:/WINDOWS/Fonts/simsun.ttc><C:/WINDOWS/Fonts/simsun.ttc><C:/WINDOWS/Font
s/simsun.ttc><C:/WINDOWS/Fonts/simsun.ttc><C:/WINDOWS/Fonts/simsun.ttc><C:/WIND
OWS/Fonts/simsun.ttc><C:/WINDOWS/Fonts/simsun.ttc><C:/WINDOWS/Fonts/simsun.ttc>
<C:/WINDOWS/Fonts/simsun.ttc><C:/WINDOWS/Fonts/simsun.ttc><C:/WINDOWS/Fonts/sim
sun.ttc><C:/WINDOWS/Fonts/simsun.ttc><C:/WINDOWS/Fonts/simsun.ttc><C:/WINDOWS/F
onts/simsun.ttc><C:/WINDOWS/Fonts/simsun.ttc><C:/WINDOWS/Fonts/simsun.ttc><C:/W
INDOWS/Fonts/simsun.ttc><C:/WINDOWS/Fonts/simsun.ttc><C:/WINDOWS/Fonts/simsun.t
tc><C:/WINDOWS/Fonts/simhei.ttf><C:/WINDOWS/Fonts/simhei.ttf><C:/WINDOWS/Fonts/
simhei.ttf><C:/WINDOWS/Fonts/simhei.ttf><C:/WINDOWS/Fonts/simhei.ttf><C:/WINDOW
S/Fonts/simhei.ttf><C:/WINDOWS/Fonts/simhei.ttf><C:/WINDOWS/Fonts/simhei.ttf><C
:/WINDOWS/Fonts/simhei.ttf><C:/WINDOWS/Fonts/simhei.ttf><C:/WINDOWS/Fonts/simhe
i.ttf><C:/WINDOWS/Fonts/simhei.ttf><C:/WINDOWS/Fonts/simhei.ttf><C:/WINDOWS/Fon
ts/simhei.ttf><C:/WINDOWS/Fonts/simhei.ttf><C:/WINDOWS/Fonts/simhei.ttf><C:/WIN
DOWS/Fonts/simhei.ttf><C:/WINDOWS/Fonts/simhei.ttf><C:/WINDOWS/Fonts/simhei.ttf
><C:/WINDOWS/Fonts/simhei.ttf><C:/WINDOWS/Fonts/simhei.ttf><C:/WINDOWS/Fonts/si
mhei.ttf><C:/WINDOWS/Fonts/simhei.ttf><C:/WINDOWS/Fonts/simhei.ttf><C:/WINDOWS/
Fonts/simhei.ttf><C:/WINDOWS/Fonts/simhei.ttf><C:/WINDOWS/Fonts/simhei.ttf><C:/
WINDOWS/Fonts/simhei.ttf><C:/WINDOWS/Fonts/simhei.ttf><C:/WINDOWS/Fonts/simsun.
ttc><C:/WINDOWS/Fonts/simsun.ttc><C:/WINDOWS/Fonts/simsun.ttc><C:/Software/Late
x/CTEX/MiKTeX/fonts/type1/public/amsfonts/cm/cmbx12.pfb><C:/Software/Latex/CTEX
/MiKTeX/fonts/type1/public/amsfonts/cm/cmr10.pfb><C:/Software/Latex/CTEX/MiKTeX
/fonts/type1/public/amsfonts/cm/cmr12.pfb><C:/Software/Latex/CTEX/MiKTeX/fonts/
type1/public/amsfonts/cm/cmr9.pfb><C:/Software/Latex/CTEX/MiKTeX/fonts/type1/pu
blic/amsfonts/cm/cmsy10.pfb>
Output written on Thesis.pdf (25 pages, 384084 bytes).
PDF statistics:
 449 PDF objects out of 1000 (max. 8388607)
 39 named destinations out of 1000 (max. 500000)
 73 words of extra memory for PDF output out of 10000 (max. 10000000)

